#
# A fatal error has been detected by the Java Runtime Environment:
#
#  EXCEPTION_ACCESS_VIOLATION (0xc0000005) at pc=0x00007ffbb7b98f32, pid=15488, tid=16784
#
# JRE version: Java(TM) SE Runtime Environment (17.0+35) (build 17+35-LTS-2724)
# Java VM: Java HotSpot(TM) 64-Bit Server VM (17+35-LTS-2724, mixed mode, sharing, tiered, compressed oops, compressed class ptrs, g1 gc, windows-amd64)
# Problematic frame:
# V  [jvm.dll+0x308f32]
#
# No core dump will be written. Minidumps are not enabled by default on client versions of Windows
#
# If you would like to submit a bug report, please visit:
#   https://bugreport.java.com/bugreport/crash.jsp
#

---------------  S U M M A R Y ------------

Command Line: -ea -Dfile.encoding=Cp1252 -XX:+ShowCodeDetailsInExceptionMessages org.testng.remote.RemoteTestNG -serport 60613 -protocol json -d C:\Users\techbrain\eclipse-workspace\TCWPOM\test-output C:\Users\TECHBR~1\AppData\Local\Temp\testng-eclipse--372365761\testng-customsuite.xml

Host: Intel(R) Core(TM) i3-2120 CPU @ 3.30GHz, 4 cores, 7G,  Windows 10 , 64 bit Build 19041 (10.0.19041.1889)
Time: Tue Aug 16 13:21:32 2022 India Standard Time elapsed time: 3.322223 seconds (0d 0h 0m 3s)

---------------  T H R E A D  ---------------

Current thread (0x00000212ee0e0df0):  ConcurrentGCThread "G1 Conc#0" [stack: 0x0000006f38e00000,0x0000006f38f00000] [id=16784]

Stack: [0x0000006f38e00000,0x0000006f38f00000],  sp=0x0000006f38effa40,  free space=1022k
Native frames: (J=compiled Java code, j=interpreted, Vv=VM code, C=native code)
V  [jvm.dll+0x308f32]
V  [jvm.dll+0x30fe58]
V  [jvm.dll+0x30e9e2]
V  [jvm.dll+0x3584a6]
V  [jvm.dll+0x3111c9]
V  [jvm.dll+0x7fb7ab]
V  [jvm.dll+0x7fb7f6]
V  [jvm.dll+0x77e7ea]
V  [jvm.dll+0x66e715]
C  [ucrtbase.dll+0x21bb2]
C  [KERNEL32.DLL+0x17034]
C  [ntdll.dll+0x52651]


siginfo: EXCEPTION_ACCESS_VIOLATION (0xc0000005), reading address 0x000000000018c3e0


Register to memory mapping:

RIP=0x00007ffbb7b98f32 jvm.dll
RAX=0x0000000000000008 is an unknown value
RBX=0x0000000082299440 points into unknown readable memory: 0x0000000000000009 | 09 00 00 00 00 00 00 00
RCX=0x0000006f38effce8 points into unknown readable memory: 0x00007ffbb8184238 | 38 42 18 b8 fb 7f 00 00
RDX=0x0000000082299440 points into unknown readable memory: 0x0000000000000009 | 09 00 00 00 00 00 00 00
RSP=0x0000006f38effa40 points into unknown readable memory: 0x000000008229907c | 7c 90 29 82 00 00 00 00
RBP=0x0000000082200000 is an oop: [B 
{0x0000000082200000} - klass: {type array byte}
 - length: 57
RSI=0x00000000001750e3 is an unknown value
RDI=0x0 is NULL
R8 =0x000000080018c3e0 is pointing into metadata
R9 =0x000000000018c3e0 is an unknown value
R10=0x0000000000000001 is an unknown value
R11=0x00007ffbb7b9bba0 jvm.dll
R12=0x00007ffbb7890000 jvm.dll
R13=0x0000006f38effcd0 points into unknown readable memory: 0x00007ffbb8184578 | 78 45 18 b8 fb 7f 00 00
R14=0x00000000822c0000 is pointing into object: [I 
{0x00000000822bcc10} - klass: {type array int}
 - length: 8434
R15=0x00000212ee0cd790 points into unknown readable memory: 0x00007ffbb817e528 | 28 e5 17 b8 fb 7f 00 00


Registers:
RAX=0x0000000000000008, RBX=0x0000000082299440, RCX=0x0000006f38effce8, RDX=0x0000000082299440
RSP=0x0000006f38effa40, RBP=0x0000000082200000, RSI=0x00000000001750e3, RDI=0x0000000000000000
R8 =0x000000080018c3e0, R9 =0x000000000018c3e0, R10=0x0000000000000001, R11=0x00007ffbb7b9bba0
R12=0x00007ffbb7890000, R13=0x0000006f38effcd0, R14=0x00000000822c0000, R15=0x00000212ee0cd790
RIP=0x00007ffbb7b98f32, EFLAGS=0x0000000000010202

Top of Stack: (sp=0x0000006f38effa40)
0x0000006f38effa40:   000000008229907c 00007ffbb7b9a39d
0x0000006f38effa50:   00000212ebfaddf0 0000000082299078
0x0000006f38effa60:   0000000082299078 0000000000000001
0x0000006f38effa70:   00000212ee0cd790 00000000822c0000
0x0000006f38effa80:   0000000000000000 00007ffbb7b9fe58
0x0000006f38effa90:   00000000822993d0 0000000000000003
0x0000006f38effaa0:   0000000082200000 00000000822969f0
0x0000006f38effab0:   000000008217f778 0000000000000802
0x0000006f38effac0:   0000000082280000 0000000000008000
0x0000006f38effad0:   0000000082280000 0000000000008000
0x0000006f38effae0:   0000000082180000 00000000000006f1
0x0000006f38effaf0:   00000212ebfaddd0 00007ffbb7ef91af
0x0000006f38effb00:   0000000082280000 0000000000008000
0x0000006f38effb10:   0000000000000000 0000000000000000
0x0000006f38effb20:   0000000001f5d8a9 0000000282ac84af
0x0000006f38effb30:   0000000000000000 0000000000008000 

Instructions: (pc=0x00007ffbb7b98f32)
0x00007ffbb7b98e32:   8d 0d 58 14 00 00 49 0f 45 c1 48 89 05 15 92 77
0x00007ffbb7b98e42:   00 49 3b c2 0f 84 64 11 00 00 48 ff e0 cc 80 3d
0x00007ffbb7b98e52:   bb fa 7d 00 00 4c 8d 15 72 12 00 00 49 8b c2 4c
0x00007ffbb7b98e62:   8d 0d c8 14 00 00 49 0f 45 c1 48 89 05 25 91 77
0x00007ffbb7b98e72:   00 49 3b c2 0f 84 54 12 00 00 48 ff e0 cc 80 3d
0x00007ffbb7b98e82:   8b fa 7d 00 00 4c 8d 15 62 13 00 00 49 8b c2 4c
0x00007ffbb7b98e92:   8d 0d 38 15 00 00 49 0f 45 c1 48 89 05 55 91 77
0x00007ffbb7b98ea2:   00 49 3b c2 0f 84 44 13 00 00 48 ff e0 cc 48 83
0x00007ffbb7b98eb2:   ec 48 80 3d 57 fa 7d 00 00 4c 8d 1d ae 2c 00 00
0x00007ffbb7b98ec2:   41 0f 10 01 4d 8b d0 49 8b c3 4c 8d 05 3d 2e 00
0x00007ffbb7b98ed2:   00 49 0f 45 c0 0f 29 44 24 30 48 89 05 b5 91 77
0x00007ffbb7b98ee2:   00 49 3b c3 75 1a 4c 8b c1 0f 29 44 24 20 49 8b
0x00007ffbb7b98ef2:   ca 4c 8d 4c 24 20 e8 93 21 00 00 48 83 c4 48 c3
0x00007ffbb7b98f02:   4c 8d 4c 24 30 4d 8b c2 ff d0 48 83 c4 48 c3 cc
0x00007ffbb7b98f12:   cc cc cc cc cc cc cc cc cc cc cc cc cc cc 48 83
0x00007ffbb7b98f22:   ec 48 80 3d e7 f9 7d 00 00 4c 8d 1d 6e 2c 00 00
0x00007ffbb7b98f32:   41 0f 10 01 4d 8b d0 49 8b c3 4c 8d 05 0d 2f 00
0x00007ffbb7b98f42:   00 49 0f 45 c0 0f 29 44 24 30 48 89 05 85 90 77
0x00007ffbb7b98f52:   00 49 3b c3 75 1a 4c 8b c1 0f 29 44 24 20 49 8b
0x00007ffbb7b98f62:   ca 4c 8d 4c 24 20 e8 73 23 00 00 48 83 c4 48 c3
0x00007ffbb7b98f72:   4c 8d 4c 24 30 4d 8b c2 ff d0 48 83 c4 48 c3 cc
0x00007ffbb7b98f82:   cc cc cc cc cc cc cc cc cc cc cc cc cc cc 48 83
0x00007ffbb7b98f92:   ec 38 80 3d 77 f9 7d 00 00 4c 8d 1d 2e 2c 00 00
0x00007ffbb7b98fa2:   41 0f 10 01 49 8b c3 4c 8d 15 e0 2f 00 00 49 0f
0x00007ffbb7b98fb2:   45 c2 4c 8d 4c 24 20 48 89 05 78 90 77 00 0f 29
0x00007ffbb7b98fc2:   44 24 20 49 3b c3 75 0a e8 01 2c 00 00 48 83 c4
0x00007ffbb7b98fd2:   38 c3 ff d0 48 83 c4 38 c3 cc cc cc cc cc 80 3d
0x00007ffbb7b98fe2:   2b f9 7d 00 00 4c 8d 15 82 14 00 00 4d 8b c8 49
0x00007ffbb7b98ff2:   8b c2 4c 8d 05 65 15 00 00 49 0f 45 c0 48 89 05
0x00007ffbb7b99002:   62 90 77 00 49 3b c2 75 0b 4c 8b c1 49 8b c9 e9
0x00007ffbb7b99012:   5a 08 00 00 4d 8b c1 48 ff e0 cc cc cc cc 80 3d
0x00007ffbb7b99022:   eb f8 7d 00 00 4c 8d 15 52 14 00 00 4d 8b c8 49 


Stack slot to memory mapping:
stack at sp + 0 slots: 0x000000008229907c is pointing into object: java.util.concurrent.ConcurrentHashMap$Node 
{0x0000000082299060} - klass: 'java/util/concurrent/ConcurrentHashMap$Node'
 - ---- fields (total size 4 words):
 - final 'hash' 'I' @12  1128048108 (433ca5ec)
 - final 'key' 'Ljava/lang/Object;' @16  "org.apache.xmlbeans.impl.soap.SOAPElement"{0x000000008210dfb8} (8210dfb8)
 - volatile 'val' 'Ljava/lang/Object;' @20  a 'java/lang/Object'{0x0000000082299080} (82299080)
 - volatile 'next' 'Ljava/util/concurrent/ConcurrentHashMap$Node;' @24  a 'java/util/concurrent/ConcurrentHashMap$Node'{0x0000000087b55db0} (87b55db0)
stack at sp + 1 slots: 0x00007ffbb7b9a39d jvm.dll
stack at sp + 2 slots: 0x00000212ebfaddf0 points into unknown readable memory: 0x00000000822c7e00 | 00 7e 2c 82 00 00 00 00
stack at sp + 3 slots: 0x0000000082299078 is pointing into object: java.util.concurrent.ConcurrentHashMap$Node 
{0x0000000082299060} - klass: 'java/util/concurrent/ConcurrentHashMap$Node'
 - ---- fields (total size 4 words):
 - final 'hash' 'I' @12  1128048108 (433ca5ec)
 - final 'key' 'Ljava/lang/Object;' @16  "org.apache.xmlbeans.impl.soap.SOAPElement"{0x000000008210dfb8} (8210dfb8)
 - volatile 'val' 'Ljava/lang/Object;' @20  a 'java/lang/Object'{0x0000000082299080} (82299080)
 - volatile 'next' 'Ljava/util/concurrent/ConcurrentHashMap$Node;' @24  a 'java/util/concurrent/ConcurrentHashMap$Node'{0x0000000087b55db0} (87b55db0)
stack at sp + 4 slots: 0x0000000082299078 is pointing into object: java.util.concurrent.ConcurrentHashMap$Node 
{0x0000000082299060} - klass: 'java/util/concurrent/ConcurrentHashMap$Node'
 - ---- fields (total size 4 words):
 - final 'hash' 'I' @12  1128048108 (433ca5ec)
 - final 'key' 'Ljava/lang/Object;' @16  "org.apache.xmlbeans.impl.soap.SOAPElement"{0x000000008210dfb8} (8210dfb8)
 - volatile 'val' 'Ljava/lang/Object;' @20  a 'java/lang/Object'{0x0000000082299080} (82299080)
 - volatile 'next' 'Ljava/util/concurrent/ConcurrentHashMap$Node;' @24  a 'java/util/concurrent/ConcurrentHashMap$Node'{0x0000000087b55db0} (87b55db0)
stack at sp + 5 slots: 0x0000000000000001 is an unknown value
stack at sp + 6 slots: 0x00000212ee0cd790 points into unknown readable memory: 0x00007ffbb817e528 | 28 e5 17 b8 fb 7f 00 00
stack at sp + 7 slots: 0x00000000822c0000 is pointing into object: [I 
{0x00000000822bcc10} - klass: {type array int}
 - length: 8434


---------------  P R O C E S S  ---------------

Threads class SMR info:
_java_thread_list=0x00000212fe6c0340, length=15, elements={
0x00000212ee091590, 0x00000212fc849fb0, 0x00000212fc84aaa0, 0x00000212fc85feb0,
0x00000212fc860860, 0x00000212fc861210, 0x00000212fc86d0d0, 0x00000212fc86de60,
0x00000212fc86e900, 0x00000212fc881af0, 0x00000212fd49c170, 0x00000212fd4a6040,
0x00000212fdecea70, 0x00000212fea49620, 0x00000212ff292410
}

Java Threads: ( => current thread )
  0x00000212ee091590 JavaThread "main" [_thread_in_native, id=16936, stack(0x0000006f38b00000,0x0000006f38c00000)]
  0x00000212fc849fb0 JavaThread "Reference Handler" daemon [_thread_blocked, id=15576, stack(0x0000006f39200000,0x0000006f39300000)]
  0x00000212fc84aaa0 JavaThread "Finalizer" daemon [_thread_blocked, id=16472, stack(0x0000006f39300000,0x0000006f39400000)]
  0x00000212fc85feb0 JavaThread "Signal Dispatcher" daemon [_thread_blocked, id=8068, stack(0x0000006f39400000,0x0000006f39500000)]
  0x00000212fc860860 JavaThread "Attach Listener" daemon [_thread_blocked, id=15832, stack(0x0000006f39500000,0x0000006f39600000)]
  0x00000212fc861210 JavaThread "Service Thread" daemon [_thread_blocked, id=1408, stack(0x0000006f39600000,0x0000006f39700000)]
  0x00000212fc86d0d0 JavaThread "Monitor Deflation Thread" daemon [_thread_blocked, id=16280, stack(0x0000006f39700000,0x0000006f39800000)]
  0x00000212fc86de60 JavaThread "C2 CompilerThread0" daemon [_thread_in_native, id=15520, stack(0x0000006f39800000,0x0000006f39900000)]
  0x00000212fc86e900 JavaThread "C1 CompilerThread0" daemon [_thread_blocked, id=15392, stack(0x0000006f39900000,0x0000006f39a00000)]
  0x00000212fc881af0 JavaThread "Sweeper thread" daemon [_thread_blocked, id=3096, stack(0x0000006f39a00000,0x0000006f39b00000)]
  0x00000212fd49c170 JavaThread "Notification Thread" daemon [_thread_blocked, id=12780, stack(0x0000006f39b00000,0x0000006f39c00000)]
  0x00000212fd4a6040 JavaThread "Common-Cleaner" daemon [_thread_blocked, id=6188, stack(0x0000006f39d00000,0x0000006f39e00000)]
  0x00000212fdecea70 JavaThread "ReaderThread" [_thread_in_native, id=5800, stack(0x0000006f3a000000,0x0000006f3a100000)]
  0x00000212fea49620 JavaThread "ForkJoinPool.commonPool-worker-1" daemon [_thread_blocked, id=10384, stack(0x0000006f3a400000,0x0000006f3a500000)]
  0x00000212ff292410 JavaThread "AsyncHttpClient-1-1" daemon [_thread_blocked, id=16360, stack(0x0000006f3a500000,0x0000006f3a600000)]

Other Threads:
  0x00000212fc844d50 VMThread "VM Thread" [stack: 0x0000006f39100000,0x0000006f39200000] [id=1092]
  0x00000212ee0eae30 WatcherThread [stack: 0x0000006f39c00000,0x0000006f39d00000] [id=8324]
  0x00000212ee0cd2a0 GCTaskThread "GC Thread#0" [stack: 0x0000006f38c00000,0x0000006f38d00000] [id=17496]
  0x00000212fdc27dd0 GCTaskThread "GC Thread#1" [stack: 0x0000006f3a100000,0x0000006f3a200000] [id=11800]
  0x00000212fdc28080 GCTaskThread "GC Thread#2" [stack: 0x0000006f3a200000,0x0000006f3a300000] [id=10260]
  0x00000212fd84ce00 GCTaskThread "GC Thread#3" [stack: 0x0000006f3a300000,0x0000006f3a400000] [id=3580]
  0x00000212ee0e0540 ConcurrentGCThread "G1 Main Marker" [stack: 0x0000006f38d00000,0x0000006f38e00000] [id=10280]
=>0x00000212ee0e0df0 ConcurrentGCThread "G1 Conc#0" [stack: 0x0000006f38e00000,0x0000006f38f00000] [id=16784]
  0x00000212ee14de90 ConcurrentGCThread "G1 Refine#0" [stack: 0x0000006f38f00000,0x0000006f39000000] [id=15388]
  0x00000212ee150660 ConcurrentGCThread "G1 Service" [stack: 0x0000006f39000000,0x0000006f39100000] [id=7728]

Threads with active compile tasks:
C2 CompilerThread0     3429 2336   !   4       jdk.internal.loader.URLClassPath$JarLoader::getResource (354 bytes)

VM state: not at safepoint (normal execution)

VM Mutex/Monitor currently owned by a thread: None

Heap address: 0x0000000081800000, size: 2024 MB, Compressed Oops mode: 32-bit

CDS archive(s) mapped at: [0x0000000800000000-0x0000000800bc0000-0x0000000800bc0000), size 12320768, SharedBaseAddress: 0x0000000800000000, ArchiveRelocationMode: 0.
Compressed class space mapped at: 0x0000000800c00000-0x0000000840c00000, reserved size: 1073741824
Narrow klass base: 0x0000000800000000, Narrow klass shift: 0, Narrow klass range: 0x100000000

GC Precious Log:
 CPUs: 4 total, 4 available
 Memory: 8092M
 Large Page Support: Disabled
 NUMA Support: Disabled
 Compressed Oops: Enabled (32-bit)
 Heap Region Size: 1M
 Heap Min Capacity: 8M
 Heap Initial Capacity: 128M
 Heap Max Capacity: 2024M
 Pre-touch: Disabled
 Parallel Workers: 4
 Concurrent Workers: 1
 Concurrent Refinement Workers: 4
 Periodic GC: Disabled

Heap:
 garbage-first heap   total 55296K, used 16652K [0x0000000081800000, 0x0000000100000000)
  region size 1024K, 7 young (7168K), 4 survivors (4096K)
 Metaspace       used 22212K, committed 22464K, reserved 1073152K
  class space    used 2638K, committed 2752K, reserved 1048576K

Heap Regions: E=young(eden), S=young(survivor), O=old, HS=humongous(starts), HC=humongous(continues), CS=collection set, F=free, OA=open archive, CA=closed archive, TAMS=top-at-mark-start (previous, next)
|   0|0x0000000081800000, 0x0000000081900000, 0x0000000081900000|100%|HS|  |TAMS 0x0000000081900000, 0x0000000081800000| Complete 
|   1|0x0000000081900000, 0x0000000081a00000, 0x0000000081a00000|100%| O|  |TAMS 0x0000000081a00000, 0x0000000081900000| Untracked 
|   2|0x0000000081a00000, 0x0000000081b00000, 0x0000000081b00000|100%| O|  |TAMS 0x0000000081b00000, 0x0000000081a00000| Untracked 
|   3|0x0000000081b00000, 0x0000000081c00000, 0x0000000081c00000|100%| O|  |TAMS 0x0000000081c00000, 0x0000000081b00000| Untracked 
|   4|0x0000000081c00000, 0x0000000081d00000, 0x0000000081d00000|100%| O|  |TAMS 0x0000000081d00000, 0x0000000081c00000| Untracked 
|   5|0x0000000081d00000, 0x0000000081e00000, 0x0000000081e00000|100%| O|  |TAMS 0x0000000081e00000, 0x0000000081d00000| Untracked 
|   6|0x0000000081e00000, 0x0000000081f00000, 0x0000000081f00000|100%| O|  |TAMS 0x0000000081f00000, 0x0000000081e00000| Untracked 
|   7|0x0000000081f00000, 0x0000000082000000, 0x0000000082000000|100%| O|  |TAMS 0x0000000081fef200, 0x0000000081f00000| Untracked 
|   8|0x0000000082000000, 0x0000000082100000, 0x0000000082100000|100%| O|  |TAMS 0x0000000082000000, 0x0000000082000000| Untracked 
|   9|0x0000000082100000, 0x0000000082200000, 0x0000000082200000|100%| O|  |TAMS 0x0000000082100000, 0x0000000082100000| Untracked 
|  10|0x0000000082200000, 0x00000000822c7e00, 0x0000000082300000| 78%| O|  |TAMS 0x0000000082200000, 0x0000000082200000| Updating 
|  11|0x0000000082300000, 0x0000000082300000, 0x0000000082400000|  0%| F|  |TAMS 0x0000000082300000, 0x0000000082300000| Untracked 
|  12|0x0000000082400000, 0x0000000082400000, 0x0000000082500000|  0%| F|  |TAMS 0x0000000082400000, 0x0000000082400000| Untracked 
|  13|0x0000000082500000, 0x0000000082500000, 0x0000000082600000|  0%| F|  |TAMS 0x0000000082500000, 0x0000000082500000| Untracked 
|  14|0x0000000082600000, 0x0000000082600000, 0x0000000082700000|  0%| F|  |TAMS 0x0000000082600000, 0x0000000082600000| Untracked 
|  15|0x0000000082700000, 0x0000000082700000, 0x0000000082800000|  0%| F|  |TAMS 0x0000000082700000, 0x0000000082700000| Untracked 
|  16|0x0000000082800000, 0x0000000082800000, 0x0000000082900000|  0%| F|  |TAMS 0x0000000082800000, 0x0000000082800000| Untracked 
|  17|0x0000000082900000, 0x0000000082900000, 0x0000000082a00000|  0%| F|  |TAMS 0x0000000082900000, 0x0000000082900000| Untracked 
|  18|0x0000000082a00000, 0x0000000082a00000, 0x0000000082b00000|  0%| F|  |TAMS 0x0000000082a00000, 0x0000000082a00000| Untracked 
|  19|0x0000000082b00000, 0x0000000082b00000, 0x0000000082c00000|  0%| F|  |TAMS 0x0000000082b00000, 0x0000000082b00000| Untracked 
|  20|0x0000000082c00000, 0x0000000082c00000, 0x0000000082d00000|  0%| F|  |TAMS 0x0000000082c00000, 0x0000000082c00000| Untracked 
|  21|0x0000000082d00000, 0x0000000082d00000, 0x0000000082e00000|  0%| F|  |TAMS 0x0000000082d00000, 0x0000000082d00000| Untracked 
|  22|0x0000000082e00000, 0x0000000082e00000, 0x0000000082f00000|  0%| F|  |TAMS 0x0000000082e00000, 0x0000000082e00000| Untracked 
|  23|0x0000000082f00000, 0x0000000082f00000, 0x0000000083000000|  0%| F|  |TAMS 0x0000000082f00000, 0x0000000082f00000| Untracked 
|  24|0x0000000083000000, 0x0000000083000000, 0x0000000083100000|  0%| F|  |TAMS 0x0000000083000000, 0x0000000083000000| Untracked 
|  25|0x0000000083100000, 0x0000000083100000, 0x0000000083200000|  0%| F|  |TAMS 0x0000000083100000, 0x0000000083100000| Untracked 
|  26|0x0000000083200000, 0x0000000083200000, 0x0000000083300000|  0%| F|  |TAMS 0x0000000083200000, 0x0000000083200000| Untracked 
|  27|0x0000000083300000, 0x0000000083300000, 0x0000000083400000|  0%| F|  |TAMS 0x0000000083300000, 0x0000000083300000| Untracked 
|  28|0x0000000083400000, 0x0000000083400000, 0x0000000083500000|  0%| F|  |TAMS 0x0000000083400000, 0x0000000083400000| Untracked 
|  29|0x0000000083500000, 0x0000000083500000, 0x0000000083600000|  0%| F|  |TAMS 0x0000000083500000, 0x0000000083500000| Untracked 
|  30|0x0000000083600000, 0x0000000083600000, 0x0000000083700000|  0%| F|  |TAMS 0x0000000083600000, 0x0000000083600000| Untracked 
|  31|0x0000000083700000, 0x0000000083700000, 0x0000000083800000|  0%| F|  |TAMS 0x0000000083700000, 0x0000000083700000| Untracked 
|  32|0x0000000083800000, 0x0000000083800000, 0x0000000083900000|  0%| F|  |TAMS 0x0000000083800000, 0x0000000083800000| Untracked 
|  33|0x0000000083900000, 0x0000000083900000, 0x0000000083a00000|  0%| F|  |TAMS 0x0000000083900000, 0x0000000083900000| Untracked 
|  34|0x0000000083a00000, 0x0000000083a00000, 0x0000000083b00000|  0%| F|  |TAMS 0x0000000083a00000, 0x0000000083a00000| Untracked 
|  35|0x0000000083b00000, 0x0000000083b00000, 0x0000000083c00000|  0%| F|  |TAMS 0x0000000083b00000, 0x0000000083b00000| Untracked 
|  36|0x0000000083c00000, 0x0000000083c00000, 0x0000000083d00000|  0%| F|  |TAMS 0x0000000083c00000, 0x0000000083c00000| Untracked 
|  37|0x0000000083d00000, 0x0000000083d00000, 0x0000000083e00000|  0%| F|  |TAMS 0x0000000083d00000, 0x0000000083d00000| Untracked 
|  38|0x0000000083e00000, 0x0000000083e00000, 0x0000000083f00000|  0%| F|  |TAMS 0x0000000083e00000, 0x0000000083e00000| Untracked 
|  39|0x0000000083f00000, 0x0000000083f00000, 0x0000000084000000|  0%| F|  |TAMS 0x0000000083f00000, 0x0000000083f00000| Untracked 
|  40|0x0000000084000000, 0x0000000084000000, 0x0000000084100000|  0%| F|  |TAMS 0x0000000084000000, 0x0000000084000000| Untracked 
|  41|0x0000000084100000, 0x0000000084100000, 0x0000000084200000|  0%| F|  |TAMS 0x0000000084100000, 0x0000000084100000| Untracked 
|  42|0x0000000084200000, 0x0000000084200000, 0x0000000084300000|  0%| F|  |TAMS 0x0000000084200000, 0x0000000084200000| Untracked 
|  43|0x0000000084300000, 0x0000000084300000, 0x0000000084400000|  0%| F|  |TAMS 0x0000000084300000, 0x0000000084300000| Untracked 
|  44|0x0000000084400000, 0x0000000084400000, 0x0000000084500000|  0%| F|  |TAMS 0x0000000084400000, 0x0000000084400000| Untracked 
|  45|0x0000000084500000, 0x0000000084500000, 0x0000000084600000|  0%| F|  |TAMS 0x0000000084500000, 0x0000000084500000| Untracked 
|  46|0x0000000084600000, 0x0000000084600000, 0x0000000084700000|  0%| F|  |TAMS 0x0000000084600000, 0x0000000084600000| Untracked 
|  47|0x0000000084700000, 0x0000000084800000, 0x0000000084800000|100%| E|  |TAMS 0x0000000084700000, 0x0000000084700000| Complete 
|  48|0x0000000084800000, 0x0000000084900000, 0x0000000084900000|100%| E|CS|TAMS 0x0000000084800000, 0x0000000084800000| Complete 
|  96|0x0000000087800000, 0x000000008787b460, 0x0000000087900000| 48%| S|CS|TAMS 0x0000000087800000, 0x0000000087800000| Complete 
|  97|0x0000000087900000, 0x0000000087a00000, 0x0000000087a00000|100%| S|CS|TAMS 0x0000000087900000, 0x0000000087900000| Complete 
|  98|0x0000000087a00000, 0x0000000087b00000, 0x0000000087b00000|100%| S|CS|TAMS 0x0000000087a00000, 0x0000000087a00000| Complete 
|  99|0x0000000087b00000, 0x0000000087c00000, 0x0000000087c00000|100%| S|CS|TAMS 0x0000000087b00000, 0x0000000087b00000| Complete 
| 127|0x0000000089700000, 0x0000000089800000, 0x0000000089800000|100%| E|CS|TAMS 0x0000000089700000, 0x0000000089700000| Complete 

Card table byte_map: [0x00000212f5c90000,0x00000212f6090000] _byte_map_base: 0x00000212f5884000

Marking Bits (Prev, Next): (CMBitMap*) 0x00000212ee0cd790, (CMBitMap*) 0x00000212ee0cd750
 Prev Bits: [0x00000212f8430000, 0x00000212fa3d0000)
 Next Bits: [0x00000212f6490000, 0x00000212f8430000)

Polling page: 0x00000212ed860000

Metaspace:

Usage:
  Non-class:     19.23 MB used.
      Class:      2.59 MB used.
       Both:     21.82 MB used.

Virtual space:
  Non-class space:       24.00 MB reserved,      19.38 MB ( 81%) committed,  3 nodes.
      Class space:        1.00 GB reserved,       2.69 MB ( <1%) committed,  1 nodes.
             Both:        1.02 GB reserved,      22.06 MB (  2%) committed. 

Chunk freelists:
   Non-Class:  288.00 KB
       Class:  1.14 MB
        Both:  1.42 MB

MaxMetaspaceSize: unlimited
CompressedClassSpaceSize: 1.00 GB
Initial GC threshold: 21.00 MB
Current GC threshold: 35.56 MB
CDS: on
MetaspaceReclaimPolicy: balanced
 - commit_granule_bytes: 65536.
 - commit_granule_words: 8192.
 - virtual_space_node_default_size: 1048576.
 - enlarge_chunks_in_place: 1.
 - new_chunks_are_fully_committed: 0.
 - uncommit_free_chunks: 1.
 - use_allocation_guard: 0.
 - handle_deallocations: 1.


Internal statistics:

num_allocs_failed_limit: 3.
num_arena_births: 156.
num_arena_deaths: 0.
num_vsnodes_births: 4.
num_vsnodes_deaths: 0.
num_space_committed: 353.
num_space_uncommitted: 0.
num_chunks_returned_to_freelist: 3.
num_chunks_taken_from_freelist: 701.
num_chunk_merges: 3.
num_chunk_splits: 500.
num_chunks_enlarged: 404.
num_purges: 0.
num_inconsistent_stats: 0.

CodeHeap 'non-profiled nmethods': size=120000Kb used=1024Kb max_used=1024Kb free=118975Kb
 bounds [0x0000021287ad0000, 0x0000021287d40000, 0x000002128f000000]
CodeHeap 'profiled nmethods': size=120000Kb used=4756Kb max_used=4756Kb free=115243Kb
 bounds [0x00000212805a0000, 0x0000021280a50000, 0x0000021287ad0000]
CodeHeap 'non-nmethods': size=5760Kb used=1269Kb max_used=1290Kb free=4490Kb
 bounds [0x0000021280000000, 0x0000021280270000, 0x00000212805a0000]
 total_blobs=2922 nmethods=2341 adapters=493
 compilation: enabled
              stopped_count=0, restarted_count=0
 full_count=0

Compilation events (20 events):
Event: 3.254 Thread 0x00000212fc86e900 2318       3       jdk.internal.util.Preconditions::checkFromToIndex (24 bytes)
Event: 3.254 Thread 0x00000212fc86e900 nmethod 2318 0x0000021280a37d90 code [0x0000021280a37f40, 0x0000021280a38128]
Event: 3.254 Thread 0x00000212fc86e900 2319       3       java.math.MutableBigInteger::<init> (21 bytes)
Event: 3.254 Thread 0x00000212fc86de60 2320       4       jdk.internal.module.SystemModuleFinders$SystemImage::reader (4 bytes)
Event: 3.255 Thread 0x00000212fc86e900 nmethod 2319 0x0000021280a38210 code [0x0000021280a383a0, 0x0000021280a38578]
Event: 3.255 Thread 0x00000212fc86e900 2321       3       java.lang.ClassLoader::defineClassSourceLocation (28 bytes)
Event: 3.255 Thread 0x00000212fc86de60 nmethod 2320 0x0000021287bcb810 code [0x0000021287bcb980, 0x0000021287bcb9d8]
Event: 3.255 Thread 0x00000212fc86e900 nmethod 2321 0x0000021280a38690 code [0x0000021280a38860, 0x0000021280a38be8]
Event: 3.269 Thread 0x00000212fc86e900 2323       3       sun.security.jca.ProviderList$ServiceList::tryGet (304 bytes)
Event: 3.270 Thread 0x00000212fc86e900 nmethod 2323 0x0000021280a38d90 code [0x0000021280a39100, 0x0000021280a3a838]
Event: 3.273 Thread 0x00000212fc86e900 2324       3       java.security.Provider$ServiceKey::equals (53 bytes)
Event: 3.273 Thread 0x00000212fc86e900 nmethod 2324 0x0000021280a3af90 code [0x0000021280a3b160, 0x0000021280a3b638]
Event: 3.273 Thread 0x00000212fc86de60 2325       4       java.util.Arrays::fill (21 bytes)
Event: 3.273 Thread 0x00000212fc86e900 2326       3       jdk.internal.misc.Unsafe::putIntUnaligned (79 bytes)
Event: 3.273 Thread 0x00000212fc86e900 nmethod 2326 0x0000021280a3b790 code [0x0000021280a3b960, 0x0000021280a3bd18]
Event: 3.274 Thread 0x00000212fc86e900 2327       3       jdk.internal.misc.Unsafe::putIntUnaligned (14 bytes)
Event: 3.274 Thread 0x00000212fc86e900 nmethod 2327 0x0000021280a3be10 code [0x0000021280a3bfc0, 0x0000021280a3c218]
Event: 3.278 Thread 0x00000212fc86de60 nmethod 2325 0x0000021287bcbf10 code [0x0000021287bcc080, 0x0000021287bcc298]
Event: 3.282 Thread 0x00000212fc86e900 2328   !   3       java.lang.ref.ReferenceQueue::remove (125 bytes)
Event: 3.283 Thread 0x00000212fc86e900 nmethod 2328 0x0000021280a3c310 code [0x0000021280a3c520, 0x0000021280a3ccb8]

GC Heap History (8 events):
Event: 1.002 GC heap before
{Heap before GC invocations=0 (full 0):
 garbage-first heap   total 131072K, used 13312K [0x0000000081800000, 0x0000000100000000)
  region size 1024K, 13 young (13312K), 0 survivors (0K)
 Metaspace       used 4305K, committed 4416K, reserved 1056768K
  class space    used 459K, committed 512K, reserved 1048576K
}
Event: 1.009 GC heap after
{Heap after GC invocations=1 (full 0):
 garbage-first heap   total 131072K, used 7168K [0x0000000081800000, 0x0000000100000000)
  region size 1024K, 2 young (2048K), 2 survivors (2048K)
 Metaspace       used 4305K, committed 4416K, reserved 1056768K
  class space    used 459K, committed 512K, reserved 1048576K
}
Event: 1.344 GC heap before
{Heap before GC invocations=1 (full 0):
 garbage-first heap   total 131072K, used 16384K [0x0000000081800000, 0x0000000100000000)
  region size 1024K, 11 young (11264K), 2 survivors (2048K)
 Metaspace       used 6906K, committed 7040K, reserved 1056768K
  class space    used 728K, committed 768K, reserved 1048576K
}
Event: 1.348 GC heap after
{Heap after GC invocations=2 (full 0):
 garbage-first heap   total 131072K, used 8013K [0x0000000081800000, 0x0000000100000000)
  region size 1024K, 1 young (1024K), 1 survivors (1024K)
 Metaspace       used 6906K, committed 7040K, reserved 1056768K
  class space    used 728K, committed 768K, reserved 1048576K
}
Event: 2.378 GC heap before
{Heap before GC invocations=2 (full 0):
 garbage-first heap   total 131072K, used 30541K [0x0000000081800000, 0x0000000100000000)
  region size 1024K, 24 young (24576K), 1 survivors (1024K)
 Metaspace       used 13529K, committed 13696K, reserved 1064960K
  class space    used 1548K, committed 1600K, reserved 1048576K
}
Event: 2.385 GC heap after
{Heap after GC invocations=3 (full 0):
 garbage-first heap   total 131072K, used 11196K [0x0000000081800000, 0x0000000100000000)
  region size 1024K, 3 young (3072K), 3 survivors (3072K)
 Metaspace       used 13529K, committed 13696K, reserved 1064960K
  class space    used 1548K, committed 1600K, reserved 1048576K
}
Event: 3.258 GC heap before
{Heap before GC invocations=3 (full 0):
 garbage-first heap   total 131072K, used 35772K [0x0000000081800000, 0x0000000100000000)
  region size 1024K, 28 young (28672K), 3 survivors (3072K)
 Metaspace       used 21333K, committed 21504K, reserved 1073152K
  class space    used 2512K, committed 2560K, reserved 1048576K
}
Event: 3.267 GC heap after
{Heap after GC invocations=4 (full 0):
 garbage-first heap   total 131072K, used 14604K [0x0000000081800000, 0x0000000100000000)
  region size 1024K, 4 young (4096K), 4 survivors (4096K)
 Metaspace       used 21333K, committed 21504K, reserved 1073152K
  class space    used 2512K, committed 2560K, reserved 1048576K
}

Deoptimization events (20 events):
Event: 2.915 Thread 0x00000212ee091590 Uncommon trap: trap_request=0xffffffc6 fr.pc=0x0000021287bb95a0 relative=0x0000000000000c20
Event: 2.915 Thread 0x00000212ee091590 Uncommon trap: reason=bimorphic_or_optimized_type_check action=maybe_recompile pc=0x0000021287bb95a0 method=java.util.Properties$LineReader.readLine()I @ 70 c2
Event: 2.915 Thread 0x00000212ee091590 DEOPT PACKING pc=0x0000021287bb95a0 sp=0x0000006f38bfc7e0
Event: 2.915 Thread 0x00000212ee091590 DEOPT UNPACKING pc=0x00000212800523a3 sp=0x0000006f38bfc740 mode 2
Event: 2.915 Thread 0x00000212ee091590 Uncommon trap: trap_request=0xffffffc6 fr.pc=0x0000021287bb95a0 relative=0x0000000000000c20
Event: 2.915 Thread 0x00000212ee091590 Uncommon trap: reason=bimorphic_or_optimized_type_check action=maybe_recompile pc=0x0000021287bb95a0 method=java.util.Properties$LineReader.readLine()I @ 70 c2
Event: 2.915 Thread 0x00000212ee091590 DEOPT PACKING pc=0x0000021287bb95a0 sp=0x0000006f38bfc7e0
Event: 2.915 Thread 0x00000212ee091590 DEOPT UNPACKING pc=0x00000212800523a3 sp=0x0000006f38bfc740 mode 2
Event: 2.933 Thread 0x00000212ee091590 Uncommon trap: trap_request=0xffffff45 fr.pc=0x0000021287b957f4 relative=0x00000000000000d4
Event: 2.933 Thread 0x00000212ee091590 Uncommon trap: reason=unstable_if action=reinterpret pc=0x0000021287b957f4 method=java.lang.CharacterDataLatin1.digit(II)I @ 12 c2
Event: 2.933 Thread 0x00000212ee091590 DEOPT PACKING pc=0x0000021287b957f4 sp=0x0000006f38bfd420
Event: 2.933 Thread 0x00000212ee091590 DEOPT UNPACKING pc=0x00000212800523a3 sp=0x0000006f38bfd2d8 mode 2
Event: 3.054 Thread 0x00000212ee091590 Uncommon trap: trap_request=0xffffff45 fr.pc=0x0000021287b9b68c relative=0x00000000000006ac
Event: 3.054 Thread 0x00000212ee091590 Uncommon trap: reason=unstable_if action=reinterpret pc=0x0000021287b9b68c method=java.lang.Integer.parseInt(Ljava/lang/String;I)I @ 119 c2
Event: 3.054 Thread 0x00000212ee091590 DEOPT PACKING pc=0x0000021287b9b68c sp=0x0000006f38bfca80
Event: 3.054 Thread 0x00000212ee091590 DEOPT UNPACKING pc=0x00000212800523a3 sp=0x0000006f38bfc9e8 mode 2
Event: 3.290 Thread 0x00000212ee091590 Uncommon trap: trap_request=0xffffff45 fr.pc=0x0000021287bbe730 relative=0x0000000000000290
Event: 3.290 Thread 0x00000212ee091590 Uncommon trap: reason=unstable_if action=reinterpret pc=0x0000021287bbe730 method=java.util.WeakHashMap.expungeStaleEntries()V @ 9 c2
Event: 3.290 Thread 0x00000212ee091590 DEOPT PACKING pc=0x0000021287bbe730 sp=0x0000006f38bfba80
Event: 3.290 Thread 0x00000212ee091590 DEOPT UNPACKING pc=0x00000212800523a3 sp=0x0000006f38bfba18 mode 2

Classes unloaded (0 events):
No events

Classes redefined (0 events):
No events

Internal exceptions (20 events):
Event: 2.297 Thread 0x00000212ee091590 Exception <a 'java/lang/ClassNotFoundException'{0x000000008812bb20}: org/apache/log4j/PatternLayoutBeanInfo> (0x000000008812bb20) 
thrown [t:\workspace\open\src\hotspot\share\classfile\systemDictionary.cpp, line 256]
Event: 2.298 Thread 0x00000212ee091590 Exception <a 'java/lang/ClassNotFoundException'{0x0000000088130908}: org/apache/log4j/LayoutBeanInfo> (0x0000000088130908) 
thrown [t:\workspace\open\src\hotspot\share\classfile\systemDictionary.cpp, line 256]
Event: 2.298 Thread 0x00000212ee091590 Exception <a 'java/lang/ClassNotFoundException'{0x0000000088131608}: java/lang/ObjectBeanInfo> (0x0000000088131608) 
thrown [t:\workspace\open\src\hotspot\share\classfile\systemDictionary.cpp, line 256]
Event: 2.300 Thread 0x00000212ee091590 Exception <a 'java/lang/ClassNotFoundException'{0x0000000088135c00}: java/lang/ObjectCustomizer> (0x0000000088135c00) 
thrown [t:\workspace\open\src\hotspot\share\classfile\systemDictionary.cpp, line 256]
Event: 2.307 Thread 0x00000212ee091590 Exception <a 'java/lang/IncompatibleClassChangeError'{0x000000008813add0}: Found class java.lang.Object, but interface was expected> (0x000000008813add0) 
thrown [t:\workspace\open\src\hotspot\share\interpreter\linkResolver.cpp, line 833]
Event: 2.312 Thread 0x00000212ee091590 Exception <a 'java/lang/ClassNotFoundException'{0x00000000881449b0}: org/apache/log4j/LayoutCustomizer> (0x00000000881449b0) 
thrown [t:\workspace\open\src\hotspot\share\classfile\systemDictionary.cpp, line 256]
Event: 2.315 Thread 0x00000212ee091590 Exception <a 'java/lang/ClassNotFoundException'{0x00000000881578d8}: org/apache/log4j/PatternLayoutCustomizer> (0x00000000881578d8) 
thrown [t:\workspace\open\src\hotspot\share\classfile\systemDictionary.cpp, line 256]
Event: 2.318 Thread 0x00000212ee091590 Exception <a 'java/lang/ClassNotFoundException'{0x0000000088162410}: org/apache/log4j/FileAppenderBeanInfo> (0x0000000088162410) 
thrown [t:\workspace\open\src\hotspot\share\classfile\systemDictionary.cpp, line 256]
Event: 2.319 Thread 0x00000212ee091590 Exception <a 'java/lang/ClassNotFoundException'{0x0000000088167398}: org/apache/log4j/WriterAppenderBeanInfo> (0x0000000088167398) 
thrown [t:\workspace\open\src\hotspot\share\classfile\systemDictionary.cpp, line 256]
Event: 2.320 Thread 0x00000212ee091590 Exception <a 'java/lang/ClassNotFoundException'{0x000000008816c380}: org/apache/log4j/AppenderSkeletonBeanInfo> (0x000000008816c380) 
thrown [t:\workspace\open\src\hotspot\share\classfile\systemDictionary.cpp, line 256]
Event: 2.320 Thread 0x00000212ee091590 Exception <a 'java/lang/ClassNotFoundException'{0x0000000088171398}: org/apache/log4j/AppenderSkeletonCustomizer> (0x0000000088171398) 
thrown [t:\workspace\open\src\hotspot\share\classfile\systemDictionary.cpp, line 256]
Event: 2.323 Thread 0x00000212ee091590 Exception <a 'java/lang/ClassNotFoundException'{0x0000000088184630}: org/apache/log4j/WriterAppenderCustomizer> (0x0000000088184630) 
thrown [t:\workspace\open\src\hotspot\share\classfile\systemDictionary.cpp, line 256]
Event: 2.325 Thread 0x00000212ee091590 Exception <a 'java/lang/ClassNotFoundException'{0x0000000088193820}: org/apache/log4j/FileAppenderCustomizer> (0x0000000088193820) 
thrown [t:\workspace\open\src\hotspot\share\classfile\systemDictionary.cpp, line 256]
Event: 2.351 Thread 0x00000212ee091590 Exception <a 'java/lang/NoSuchMethodError'{0x0000000088036d68}: 'void java.lang.invoke.DirectMethodHandle$Holder.invokeInterface(java.lang.Object, java.lang.Object)'> (0x0000000088036d68) 
thrown [t:\workspace\open\src\hotspot\share\interpreter\linkResolver.cpp, line 766]
Event: 2.434 Thread 0x00000212ee091590 Exception <a 'java/lang/NoSuchMethodError'{0x0000000089644b50}: 'int java.lang.invoke.DirectMethodHandle$Holder.invokeInterface(java.lang.Object, java.lang.Object)'> (0x0000000089644b50) 
thrown [t:\workspace\open\src\hotspot\share\interpreter\linkResolver.cpp, line 766]
Event: 2.638 Thread 0x00000212ee091590 Exception <a 'sun/nio/fs/WindowsException'{0x00000000890b7ae0}> (0x00000000890b7ae0) 
thrown [t:\workspace\open\src\hotspot\share\prims\jni.cpp, line 516]
Event: 2.657 Thread 0x00000212ee091590 Exception <a 'java/lang/NoSuchMethodError'{0x00000000890db9d0}: 'int java.lang.invoke.DirectMethodHandle$Holder.invokeStaticInit(java.lang.Object, java.lang.Object, java.lang.Object, java.lang.Object)'> (0x00000000890db9d0) 
thrown [t:\workspace\open\src\hotspot\share\interpreter\linkResolver.cpp, line 766]
Event: 2.659 Thread 0x00000212ee091590 Exception <a 'java/lang/NoSuchMethodError'{0x00000000890e7810}: 'void java.lang.invoke.DirectMethodHandle$Holder.invokeStaticInit(java.lang.Object, java.lang.Object)'> (0x00000000890e7810) 
thrown [t:\workspace\open\src\hotspot\share\interpreter\linkResolver.cpp, line 766]
Event: 2.934 Thread 0x00000212ee091590 Exception <a 'java/net/SocketException'{0x00000000888f7b58}: Socket is not connected: shutdown> (0x00000000888f7b58) 
thrown [t:\workspace\open\src\hotspot\share\prims\jni.cpp, line 535]
Event: 3.039 Thread 0x00000212ee091590 Exception <a 'java/lang/NoSuchMethodError'{0x00000000885f1c28}: 'java.lang.Object java.lang.invoke.DirectMethodHandle$Holder.invokeSpecialIFC(java.lang.Object, java.lang.Object, java.lang.Object, java.lang.Object)'> (0x00000000885f1c28) 
thrown [t:\workspace\open\src\hotspot\share\interpreter\linkResolver.cpp, line 766]

VM Operations (20 events):
Event: 2.110 Executing VM operation: HandshakeAllThreads
Event: 2.110 Executing VM operation: HandshakeAllThreads done
Event: 2.135 Executing VM operation: ICBufferFull
Event: 2.135 Executing VM operation: ICBufferFull done
Event: 2.272 Executing VM operation: HandshakeAllThreads
Event: 2.272 Executing VM operation: HandshakeAllThreads done
Event: 2.310 Executing VM operation: HandshakeAllThreads
Event: 2.310 Executing VM operation: HandshakeAllThreads done
Event: 2.378 Executing VM operation: G1CollectForAllocation
Event: 2.385 Executing VM operation: G1CollectForAllocation done
Event: 2.502 Executing VM operation: HandshakeAllThreads
Event: 2.502 Executing VM operation: HandshakeAllThreads done
Event: 2.568 Executing VM operation: HandshakeAllThreads
Event: 2.568 Executing VM operation: HandshakeAllThreads done
Event: 2.641 Executing VM operation: HandshakeAllThreads
Event: 2.641 Executing VM operation: HandshakeAllThreads done
Event: 3.258 Executing VM operation: CollectForMetadataAllocation
Event: 3.267 Executing VM operation: CollectForMetadataAllocation done
Event: 3.280 Executing VM operation: G1Concurrent
Event: 3.282 Executing VM operation: G1Concurrent done

Events (20 events):
Event: 3.270 loading class sun/security/ssl/SSLSocketInputRecord
Event: 3.270 loading class sun/security/ssl/SSLSocketInputRecord done
Event: 3.270 loading class sun/security/ssl/SSLSocketOutputRecord
Event: 3.271 loading class sun/security/ssl/SSLSocketOutputRecord done
Event: 3.271 loading class sun/security/ssl/SSLConfiguration$CustomizedClientSignatureSchemes
Event: 3.271 loading class sun/security/ssl/SSLConfiguration$CustomizedClientSignatureSchemes done
Event: 3.271 loading class javax/net/ssl/SSLParameters
Event: 3.271 loading class javax/net/ssl/SSLParameters done
Event: 3.271 loading class sun/security/ssl/SSLConfiguration$1
Event: 3.271 loading class sun/security/ssl/SSLConfiguration$1 done
Event: 3.272 loading class sun/security/ssl/DummyX509TrustManager
Event: 3.272 loading class sun/security/ssl/DummyX509TrustManager done
Event: 3.296 loading class java/util/concurrent/RunnableFuture
Event: 3.296 loading class java/util/concurrent/RunnableFuture done
Event: 3.297 loading class java/util/concurrent/ScheduledFuture
Event: 3.297 loading class java/util/concurrent/Delayed
Event: 3.297 loading class java/util/concurrent/Delayed done
Event: 3.297 loading class java/util/concurrent/ScheduledFuture done
Event: 3.302 loading class java/util/concurrent/CancellationException
Event: 3.302 loading class java/util/concurrent/CancellationException done


Dynamic libraries:
0x00007ff6f3ea0000 - 0x00007ff6f3eb0000 	C:\Program Files\Java\jdk-17\bin\javaw.exe
0x00007ffc39dd0000 - 0x00007ffc39fc8000 	C:\Windows\SYSTEM32\ntdll.dll
0x00007ffc39ae0000 - 0x00007ffc39b9d000 	C:\Windows\System32\KERNEL32.DLL
0x00007ffc378f0000 - 0x00007ffc37bbe000 	C:\Windows\System32\KERNELBASE.dll
0x00007ffc37520000 - 0x00007ffc37620000 	C:\Windows\System32\ucrtbase.dll
0x00007ffc16560000 - 0x00007ffc16578000 	C:\Program Files\Java\jdk-17\bin\jli.dll
0x00007ffc16540000 - 0x00007ffc1655a000 	C:\Program Files\Java\jdk-17\bin\VCRUNTIME140.dll
0x00007ffc39700000 - 0x00007ffc397ae000 	C:\Windows\System32\ADVAPI32.dll
0x00007ffc399b0000 - 0x00007ffc39a4e000 	C:\Windows\System32\msvcrt.dll
0x00007ffc38540000 - 0x00007ffc385dc000 	C:\Windows\System32\sechost.dll
0x00007ffc37e30000 - 0x00007ffc37f55000 	C:\Windows\System32\RPCRT4.dll
0x00007ffc38de0000 - 0x00007ffc38f80000 	C:\Windows\System32\USER32.dll
0x00007ffc374f0000 - 0x00007ffc37512000 	C:\Windows\System32\win32u.dll
0x00007ffc39d60000 - 0x00007ffc39d8a000 	C:\Windows\System32\GDI32.dll
0x00007ffc215d0000 - 0x00007ffc2186a000 	C:\Windows\WinSxS\amd64_microsoft.windows.common-controls_6595b64144ccf1df_6.0.19041.1110_none_60b5254171f9507e\COMCTL32.dll
0x00007ffc37cb0000 - 0x00007ffc37dbb000 	C:\Windows\System32\gdi32full.dll
0x00007ffc37bc0000 - 0x00007ffc37c5d000 	C:\Windows\System32\msvcp_win.dll
0x00007ffc32680000 - 0x00007ffc3268a000 	C:\Windows\SYSTEM32\VERSION.dll
0x00007ffc396d0000 - 0x00007ffc39700000 	C:\Windows\System32\IMM32.DLL
0x00007ffc16530000 - 0x00007ffc1653c000 	C:\Program Files\Java\jdk-17\bin\vcruntime140_1.dll
0x00007ffbf9890000 - 0x00007ffbf991d000 	C:\Program Files\Java\jdk-17\bin\msvcp140.dll
0x00007ffbb7890000 - 0x00007ffbb844e000 	C:\Program Files\Java\jdk-17\bin\server\jvm.dll
0x00007ffc26270000 - 0x00007ffc26279000 	C:\Windows\SYSTEM32\WSOCK32.dll
0x00007ffc38ab0000 - 0x00007ffc38b1b000 	C:\Windows\System32\WS2_32.dll
0x00007ffc39ba0000 - 0x00007ffc39ba8000 	C:\Windows\System32\PSAPI.DLL
0x00007ffc22ab0000 - 0x00007ffc22ad7000 	C:\Windows\SYSTEM32\WINMM.dll
0x00007ffc352f0000 - 0x00007ffc35302000 	C:\Windows\SYSTEM32\kernel.appcore.dll
0x00007ffc18d60000 - 0x00007ffc18d6a000 	C:\Program Files\Java\jdk-17\bin\jimage.dll
0x00007ffc30230000 - 0x00007ffc30414000 	C:\Windows\SYSTEM32\DBGHELP.DLL
0x00007ffc2ffd0000 - 0x00007ffc2fffc000 	C:\Windows\SYSTEM32\dbgcore.DLL
0x00007ffc37650000 - 0x00007ffc376d2000 	C:\Windows\System32\bcryptPrimitives.dll
0x00007ffc18ce0000 - 0x00007ffc18d05000 	C:\Program Files\Java\jdk-17\bin\java.dll
0x00007ffc166b0000 - 0x00007ffc16786000 	C:\Program Files\Java\jdk-17\bin\svml.dll
0x00007ffc38f80000 - 0x00007ffc396c4000 	C:\Windows\System32\SHELL32.dll
0x00007ffc355d0000 - 0x00007ffc35d64000 	C:\Windows\SYSTEM32\windows.storage.dll
0x00007ffc380b0000 - 0x00007ffc38404000 	C:\Windows\System32\combase.dll
0x00007ffc36ee0000 - 0x00007ffc36f10000 	C:\Windows\SYSTEM32\Wldp.dll
0x00007ffc39890000 - 0x00007ffc3993d000 	C:\Windows\System32\SHCORE.dll
0x00007ffc38c50000 - 0x00007ffc38ca5000 	C:\Windows\System32\shlwapi.dll
0x00007ffc37430000 - 0x00007ffc3744f000 	C:\Windows\SYSTEM32\profapi.dll
0x00007ffc18cc0000 - 0x00007ffc18cd9000 	C:\Program Files\Java\jdk-17\bin\net.dll
0x00007ffc30ec0000 - 0x00007ffc30fca000 	C:\Windows\SYSTEM32\WINHTTP.dll
0x00007ffc36be0000 - 0x00007ffc36c4a000 	C:\Windows\system32\mswsock.dll
0x00007ffc18ca0000 - 0x00007ffc18cb5000 	C:\Program Files\Java\jdk-17\bin\nio.dll
0x00007ffc18c60000 - 0x00007ffc18c78000 	C:\Program Files\Java\jdk-17\bin\zip.dll
0x00007ffc36910000 - 0x00007ffc369da000 	C:\Windows\SYSTEM32\DNSAPI.dll
0x00007ffc368d0000 - 0x00007ffc3690b000 	C:\Windows\SYSTEM32\IPHLPAPI.DLL
0x00007ffc38dd0000 - 0x00007ffc38dd8000 	C:\Windows\System32\NSI.dll
0x00007ffc30eb0000 - 0x00007ffc30eba000 	C:\Windows\System32\rasadhlp.dll
0x00007ffc2f660000 - 0x00007ffc2f6e0000 	C:\Windows\System32\fwpuclnt.dll
0x00007ffc37620000 - 0x00007ffc37647000 	C:\Windows\System32\bcrypt.dll
0x00007ffc36de0000 - 0x00007ffc36df8000 	C:\Windows\SYSTEM32\CRYPTSP.dll
0x00007ffc36560000 - 0x00007ffc36594000 	C:\Windows\system32\rsaenh.dll
0x00007ffc373f0000 - 0x00007ffc3741e000 	C:\Windows\SYSTEM32\USERENV.dll
0x00007ffc36dd0000 - 0x00007ffc36ddc000 	C:\Windows\SYSTEM32\CRYPTBASE.dll
0x00007ffc31fd0000 - 0x00007ffc31fe7000 	C:\Windows\SYSTEM32\dhcpcsvc6.DLL
0x00007ffc31f40000 - 0x00007ffc31f5d000 	C:\Windows\SYSTEM32\dhcpcsvc.DLL
0x00007ffc18d50000 - 0x00007ffc18d60000 	C:\Program Files\Java\jdk-17\bin\verify.dll
0x00007ffc10580000 - 0x00007ffc10589000 	C:\Program Files\Java\jdk-17\bin\prefs.dll
0x00007ffc18c30000 - 0x00007ffc18c39000 	C:\Program Files\Java\jdk-17\bin\management.dll
0x00007ffc17b10000 - 0x00007ffc17b1b000 	C:\Program Files\Java\jdk-17\bin\management_ext.dll
0x00007ffc17320000 - 0x00007ffc1732e000 	C:\Program Files\Java\jdk-17\bin\sunmscapi.dll
0x00007ffc376e0000 - 0x00007ffc37836000 	C:\Windows\System32\CRYPT32.dll
0x00007ffc36f50000 - 0x00007ffc36f77000 	C:\Windows\SYSTEM32\ncrypt.dll
0x00007ffc36f10000 - 0x00007ffc36f4b000 	C:\Windows\SYSTEM32\NTASN1.dll
0x00007ffc0bfa0000 - 0x00007ffc0bfa7000 	C:\Windows\system32\wshunix.dll

dbghelp: loaded successfully - version: 4.0.5 - missing functions: none
symbol engine: initialized successfully - sym options: 0x614 - pdb path: .;C:\Program Files\Java\jdk-17\bin;C:\Windows\SYSTEM32;C:\Windows\WinSxS\amd64_microsoft.windows.common-controls_6595b64144ccf1df_6.0.19041.1110_none_60b5254171f9507e;C:\Program Files\Java\jdk-17\bin\server

VM Arguments:
jvm_args: -ea -Dfile.encoding=Cp1252 -XX:+ShowCodeDetailsInExceptionMessages 
java_command: org.testng.remote.RemoteTestNG -serport 60613 -protocol json -d C:\Users\techbrain\eclipse-workspace\TCWPOM\test-output C:\Users\TECHBR~1\AppData\Local\Temp\testng-eclipse--372365761\testng-customsuite.xml
java_class_path (initial): C:\Users\techbrain\eclipse\java-2021-03\eclipse\configuration\org.eclipse.osgi\451\0\.cp\lib\testng-remote.jar;C:\Users\techbrain\eclipse-workspace\TCWPOM\target\test-classes;C:\Users\techbrain\eclipse-workspace\TCWPOM\target\classes;C:\Users\techbrain\.p2\pool\plugins\org.testng_7.4.0.r202105021533.jar;C:\Users\techbrain\.p2\pool\plugins\com.beust.jcommander_1.78.0.jar;C:\Users\techbrain\.p2\pool\plugins\org.apache-extras.beanshell.bsh_2.0.0.b6.jar;C:\Users\techbrain\.p2\pool\plugins\org.yaml.snakeyaml_1.21.0.jar;C:\Users\techbrain\.p2\pool\plugins\org.webjars.jquery_3.5.1.jar;C:\Users\techbrain\.m2\repository\org\apache\poi\poi\4.1.1\poi-4.1.1.jar;C:\Users\techbrain\.m2\repository\commons-codec\commons-codec\1.13\commons-codec-1.13.jar;C:\Users\techbrain\.m2\repository\org\apache\commons\commons-collections4\4.4\commons-collections4-4.4.jar;C:\Users\techbrain\.m2\repository\org\apache\commons\commons-math3\3.6.1\commons-math3-3.6.1.jar;C:\Users\techbrain\.m2\repository\org\apache\poi\poi-ooxml\4.1.1\poi-ooxml-4.1.1.jar;C:\Users\techbrain\.m2\repository\org\apache\commons\commons-compress\1.19\commons-compress-1.19.jar;C:\Users\techbrain\.m2\repository\com\github\virtuald\curvesapi\1.06\curvesapi-1.06.jar;C:\Users\techbrain\.m2\repository\dom4j\dom4j\1.6.1\dom4j-1.6.1.jar;C:\Users\techbrain\.m2\repository\xml-apis\xml-apis\1.0.b2\xml-apis-1.0.b2.jar;C:\Users\techbrain\.m2\repository\org\apache\xmlbeans\xmlbeans\3.1.0\xmlbeans-3.1.0.jar;C:\Users\techbrain\.m2\repository\org\apache\poi\poi-ooxml-schemas\4.1.1\poi-ooxml-schemas-4.1.1.jar;C:\Users\techbrain\.m2\repository\com\aventstack\extentreports\4.1.5\extentreports-4.1.5.jar;C:\Users\techbrain\.m2\repository\org\freemarker\freemarker\2.3.29\freemarker-2.3.29.jar;C:\Users\techbrain\.m2\repository\org\apache\httpcomponents\httpclient\4.5.2\httpclient-4.5.2.jar;C:\Users\techbrain\.m2\repository\org\apache\httpcomponents\httpcore\4.4.4\httpcore-4.4.4.jar;C:\Users\techbrain\.m2\repository\c
Launcher Type: SUN_STANDARD

[Global flags]
     intx CICompilerCount                          = 3                                         {product} {ergonomic}
     uint ConcGCThreads                            = 1                                         {product} {ergonomic}
     uint G1ConcRefinementThreads                  = 4                                         {product} {ergonomic}
   size_t G1HeapRegionSize                         = 1048576                                   {product} {ergonomic}
    uintx GCDrainStackTargetSize                   = 64                                        {product} {ergonomic}
   size_t InitialHeapSize                          = 134217728                                 {product} {ergonomic}
   size_t MarkStackSize                            = 4194304                                   {product} {ergonomic}
   size_t MaxHeapSize                              = 2122317824                                {product} {ergonomic}
   size_t MaxNewSize                               = 1272971264                                {product} {ergonomic}
   size_t MinHeapDeltaBytes                        = 1048576                                   {product} {ergonomic}
   size_t MinHeapSize                              = 8388608                                   {product} {ergonomic}
    uintx NonNMethodCodeHeapSize                   = 5832780                                {pd product} {ergonomic}
    uintx NonProfiledCodeHeapSize                  = 122912730                              {pd product} {ergonomic}
    uintx ProfiledCodeHeapSize                     = 122912730                              {pd product} {ergonomic}
    uintx ReservedCodeCacheSize                    = 251658240                              {pd product} {ergonomic}
     bool SegmentedCodeCache                       = true                                      {product} {ergonomic}
     bool ShowCodeDetailsInExceptionMessages       = true                                   {manageable} {command line}
   size_t SoftMaxHeapSize                          = 2122317824                             {manageable} {ergonomic}
     bool UseCompressedClassPointers               = true                           {product lp64_product} {ergonomic}
     bool UseCompressedOops                        = true                           {product lp64_product} {ergonomic}
     bool UseG1GC                                  = true                                      {product} {ergonomic}
     bool UseLargePagesIndividualAllocation        = false                                  {pd product} {ergonomic}

Logging:
Log output configuration:
 #0: stdout all=warning uptime,level,tags
 #1: stderr all=off uptime,level,tags

Environment Variables:
JAVA_HOME=C:\Program Files\Java\jdk-11.0.14
PATH=C:/Program Files/Java/jdk-17/bin/server;C:/Program Files/Java/jdk-17/bin;C:\Windows\system32;C:\Windows;C:\Windows\System32\Wbem;C:\Windows\System32\WindowsPowerShell\v1.0\;C:\Windows\System32\OpenSSH\;C:\Program Files (x86)\Microsoft SQL Server\150\DTS\Binn\;C:\Program Files\Azure Data Studio\bin;C:\Program Files\Java\jdk-11.0.14\bin;C:\apache-maven-3.8.3\bin;C:\Program Files\Java\jdk-11.0.14\bin;C:\Users\techbrain\AppData\Local\Microsoft\WindowsAppsC:\apache-maven-3.8.3\bin;;C:\Program Files\Azure Data Studio\bin;C:\Windows\system32;
USERNAME=techbrain
OS=Windows_NT
PROCESSOR_IDENTIFIER=Intel64 Family 6 Model 42 Stepping 7, GenuineIntel



---------------  S Y S T E M  ---------------

OS:
 Windows 10 , 64 bit Build 19041 (10.0.19041.1889)
OS uptime: 0 days 3:53 hours

CPU: total 4 (initial active 4) (2 cores per cpu, 2 threads per core) family 6 model 42 stepping 7 microcode 0x2f, cx8, cmov, fxsr, ht, mmx, sse, sse2, sse3, ssse3, sse4.1, sse4.2, popcnt, tsc, tscinvbit, avx, clmul, vzeroupper, clflush

Memory: 4k page, system-wide physical 8092M (934M free)
TotalPageFile size 14236M (AvailPageFile size 2335M)
current process WorkingSet (physical memory assigned to process): 105M, peak: 126M
current process commit charge ("private bytes"): 174M, peak: 249M

vm_info: Java HotSpot(TM) 64-Bit Server VM (17+35-LTS-2724) for windows-amd64 JRE (17+35-LTS-2724), built on Aug  5 2021 23:28:28 by "mach5one" with MS VC++ 16.8 (VS2019)

END.
